{"/Users/jep/Desktop/毕设-微信小程序/v1/src/app.js": {"path":"/Users/jep/Desktop/毕设-微信小程序/v1/src/app.js","statementMap":{"0":{"start":{"line":1,"column":16},"end":{"line":1,"column":34}},"1":{"start":{"line":2,"column":13},"end":{"line":2,"column":28}},"2":{"start":{"line":3,"column":19},"end":{"line":3,"column":49}},"3":{"start":{"line":4,"column":22},"end":{"line":4,"column":50}},"4":{"start":{"line":6,"column":12},"end":{"line":6,"column":21}},"5":{"start":{"line":7,"column":13},"end":{"line":7,"column":37}},"6":{"start":{"line":10,"column":0},"end":{"line":10,"column":16}},"7":{"start":{"line":11,"column":0},"end":{"line":11,"column":24}},"8":{"start":{"line":12,"column":0},"end":{"line":12,"column":48}},"9":{"start":{"line":15,"column":0},"end":{"line":15,"column":34}},"10":{"start":{"line":18,"column":0},"end":{"line":20,"column":3}},"11":{"start":{"line":19,"column":2},"end":{"line":19,"column":39}},"12":{"start":{"line":23,"column":0},"end":{"line":23,"column":12}},"13":{"start":{"line":26,"column":24},"end":{"line":26,"column":86}},"14":{"start":{"line":27,"column":0},"end":{"line":32,"column":3}},"15":{"start":{"line":28,"column":2},"end":{"line":31,"column":3}},"16":{"start":{"line":29,"column":4},"end":{"line":29,"column":62}},"17":{"start":{"line":30,"column":4},"end":{"line":30,"column":20}},"18":{"start":{"line":35,"column":0},"end":{"line":39,"column":1}},"19":{"start":{"line":36,"column":2},"end":{"line":38,"column":5}},"20":{"start":{"line":37,"column":4},"end":{"line":37,"column":51}},"21":{"start":{"line":42,"column":0},"end":{"line":45,"column":3}},"22":{"start":{"line":43,"column":2},"end":{"line":43,"column":27}},"23":{"start":{"line":44,"column":2},"end":{"line":44,"column":48}},"24":{"start":{"line":48,"column":0},"end":{"line":48,"column":21}}},"fnMap":{"0":{"name":"(anonymous_0)","decl":{"start":{"line":18,"column":13},"end":{"line":18,"column":14}},"loc":{"start":{"line":18,"column":27},"end":{"line":20,"column":1}},"line":18},"1":{"name":"(anonymous_1)","decl":{"start":{"line":27,"column":24},"end":{"line":27,"column":25}},"loc":{"start":{"line":27,"column":35},"end":{"line":32,"column":1}},"line":27},"2":{"name":"(anonymous_2)","decl":{"start":{"line":36,"column":19},"end":{"line":36,"column":20}},"loc":{"start":{"line":36,"column":25},"end":{"line":38,"column":3}},"line":36},"3":{"name":"(anonymous_3)","decl":{"start":{"line":42,"column":8},"end":{"line":42,"column":9}},"loc":{"start":{"line":42,"column":33},"end":{"line":45,"column":1}},"line":42}},"branchMap":{"0":{"loc":{"start":{"line":7,"column":13},"end":{"line":7,"column":37}},"type":"binary-expr","locations":[{"start":{"line":7,"column":13},"end":{"line":7,"column":29}},{"start":{"line":7,"column":33},"end":{"line":7,"column":37}}],"line":7},"1":{"loc":{"start":{"line":28,"column":2},"end":{"line":31,"column":3}},"type":"if","locations":[{"start":{"line":28,"column":2},"end":{"line":31,"column":3}},{"start":{},"end":{}}],"line":28},"2":{"loc":{"start":{"line":35,"column":0},"end":{"line":39,"column":1}},"type":"if","locations":[{"start":{"line":35,"column":0},"end":{"line":39,"column":1}},{"start":{},"end":{}}],"line":35}},"s":{"0":1,"1":1,"2":1,"3":1,"4":1,"5":1,"6":1,"7":1,"8":1,"9":1,"10":1,"11":0,"12":1,"13":1,"14":1,"15":5,"16":0,"17":0,"18":1,"19":0,"20":0,"21":1,"22":0,"23":0,"24":1},"f":{"0":0,"1":5,"2":0,"3":0},"b":{"0":[1,1],"1":[0,5],"2":[0,1]},"_coverageSchema":"1a1c01bbd47fc00a2c39e90264f33305004495a9","hash":"ec3af7446cc79c696f41a2be27de1bee9c35de26"}
,"/Users/jep/Desktop/毕设-微信小程序/v1/src/config/database.js": {"path":"/Users/jep/Desktop/毕设-微信小程序/v1/src/config/database.js","statementMap":{"0":{"start":{"line":1,"column":14},"end":{"line":1,"column":39}},"1":{"start":{"line":4,"column":17},"end":{"line":18,"column":1}},"2":{"start":{"line":16,"column":33},"end":{"line":16,"column":55}},"3":{"start":{"line":16,"column":39},"end":{"line":16,"column":55}},"4":{"start":{"line":21,"column":13},"end":{"line":21,"column":39}},"5":{"start":{"line":25,"column":2},"end":{"line":32,"column":3}},"6":{"start":{"line":26,"column":23},"end":{"line":26,"column":49}},"7":{"start":{"line":27,"column":4},"end":{"line":27,"column":28}},"8":{"start":{"line":28,"column":4},"end":{"line":28,"column":25}},"9":{"start":{"line":30,"column":4},"end":{"line":30,"column":37}},"10":{"start":{"line":31,"column":4},"end":{"line":31,"column":20}},"11":{"start":{"line":36,"column":0},"end":{"line":39,"column":2}}},"fnMap":{"0":{"name":"(anonymous_0)","decl":{"start":{"line":16,"column":27},"end":{"line":16,"column":28}},"loc":{"start":{"line":16,"column":33},"end":{"line":16,"column":55}},"line":16},"1":{"name":"(anonymous_1)","decl":{"start":{"line":16,"column":33},"end":{"line":16,"column":34}},"loc":{"start":{"line":16,"column":39},"end":{"line":16,"column":55}},"line":16},"2":{"name":"connectDB","decl":{"start":{"line":24,"column":15},"end":{"line":24,"column":24}},"loc":{"start":{"line":24,"column":27},"end":{"line":33,"column":1}},"line":24}},"branchMap":{"0":{"loc":{"start":{"line":5,"column":8},"end":{"line":5,"column":42}},"type":"binary-expr","locations":[{"start":{"line":5,"column":8},"end":{"line":5,"column":27}},{"start":{"line":5,"column":31},"end":{"line":5,"column":42}}],"line":5},"1":{"loc":{"start":{"line":6,"column":8},"end":{"line":6,"column":37}},"type":"binary-expr","locations":[{"start":{"line":6,"column":8},"end":{"line":6,"column":27}},{"start":{"line":6,"column":31},"end":{"line":6,"column":37}}],"line":6},"2":{"loc":{"start":{"line":7,"column":12},"end":{"line":7,"column":49}},"type":"binary-expr","locations":[{"start":{"line":7,"column":12},"end":{"line":7,"column":35}},{"start":{"line":7,"column":39},"end":{"line":7,"column":49}}],"line":7},"3":{"loc":{"start":{"line":8,"column":12},"end":{"line":8,"column":49}},"type":"binary-expr","locations":[{"start":{"line":8,"column":12},"end":{"line":8,"column":31}},{"start":{"line":8,"column":35},"end":{"line":8,"column":49}}],"line":8}},"s":{"0":2,"1":2,"2":0,"3":0,"4":2,"5":1,"6":1,"7":1,"8":1,"9":0,"10":0,"11":2},"f":{"0":0,"1":0,"2":1},"b":{"0":[2,0],"1":[2,0],"2":[2,0],"3":[2,0]},"_coverageSchema":"1a1c01bbd47fc00a2c39e90264f33305004495a9","hash":"9e32c682af36a710abfe5bc7a039ad16b77f9f82"}
,"/Users/jep/Desktop/毕设-微信小程序/v1/src/controllers/userController.js": {"path":"/Users/jep/Desktop/毕设-微信小程序/v1/src/controllers/userController.js","statementMap":{"0":{"start":{"line":1,"column":18},"end":{"line":1,"column":48}},"1":{"start":{"line":2,"column":26},"end":{"line":2,"column":51}},"2":{"start":{"line":6,"column":2},"end":{"line":39,"column":3}},"3":{"start":{"line":7,"column":33},"end":{"line":7,"column":41}},"4":{"start":{"line":10,"column":15},"end":{"line":10,"column":51}},"5":{"start":{"line":12,"column":4},"end":{"line":20,"column":5}},"6":{"start":{"line":14,"column":21},"end":{"line":18,"column":8}},"7":{"start":{"line":19,"column":6},"end":{"line":19,"column":46}},"8":{"start":{"line":23,"column":18},"end":{"line":23,"column":40}},"9":{"start":{"line":25,"column":4},"end":{"line":35,"column":7}},"10":{"start":{"line":37,"column":4},"end":{"line":37,"column":34}},"11":{"start":{"line":38,"column":4},"end":{"line":38,"column":51}},"12":{"start":{"line":44,"column":2},"end":{"line":63,"column":3}},"13":{"start":{"line":45,"column":19},"end":{"line":45,"column":29}},"14":{"start":{"line":46,"column":44},"end":{"line":46,"column":52}},"15":{"start":{"line":48,"column":4},"end":{"line":52,"column":7}},"16":{"start":{"line":54,"column":17},"end":{"line":54,"column":49}},"17":{"start":{"line":56,"column":4},"end":{"line":59,"column":7}},"18":{"start":{"line":61,"column":4},"end":{"line":61,"column":38}},"19":{"start":{"line":62,"column":4},"end":{"line":62,"column":50}},"20":{"start":{"line":68,"column":2},"end":{"line":83,"column":3}},"21":{"start":{"line":69,"column":19},"end":{"line":69,"column":29}},"22":{"start":{"line":70,"column":17},"end":{"line":70,"column":49}},"23":{"start":{"line":72,"column":4},"end":{"line":74,"column":5}},"24":{"start":{"line":73,"column":6},"end":{"line":73,"column":56}},"25":{"start":{"line":76,"column":4},"end":{"line":79,"column":7}},"26":{"start":{"line":81,"column":4},"end":{"line":81,"column":38}},"27":{"start":{"line":82,"column":4},"end":{"line":82,"column":50}},"28":{"start":{"line":87,"column":14},"end":{"line":119,"column":1}},"29":{"start":{"line":88,"column":2},"end":{"line":118,"column":3}},"30":{"start":{"line":89,"column":35},"end":{"line":89,"column":43}},"31":{"start":{"line":92,"column":17},"end":{"line":92,"column":57}},"32":{"start":{"line":93,"column":4},"end":{"line":95,"column":5}},"33":{"start":{"line":94,"column":6},"end":{"line":94,"column":59}},"34":{"start":{"line":102,"column":18},"end":{"line":102,"column":40}},"35":{"start":{"line":104,"column":4},"end":{"line":114,"column":7}},"36":{"start":{"line":116,"column":4},"end":{"line":116,"column":34}},"37":{"start":{"line":117,"column":4},"end":{"line":117,"column":68}},"38":{"start":{"line":123,"column":2},"end":{"line":159,"column":3}},"39":{"start":{"line":124,"column":52},"end":{"line":124,"column":60}},"40":{"start":{"line":127,"column":25},"end":{"line":127,"column":65}},"41":{"start":{"line":128,"column":4},"end":{"line":130,"column":5}},"42":{"start":{"line":129,"column":6},"end":{"line":129,"column":57}},"43":{"start":{"line":133,"column":19},"end":{"line":138,"column":6}},"44":{"start":{"line":140,"column":17},"end":{"line":140,"column":49}},"45":{"start":{"line":143,"column":18},"end":{"line":143,"column":39}},"46":{"start":{"line":145,"column":4},"end":{"line":155,"column":7}},"47":{"start":{"line":157,"column":4},"end":{"line":157,"column":34}},"48":{"start":{"line":158,"column":4},"end":{"line":158,"column":51}},"49":{"start":{"line":163,"column":0},"end":{"line":169,"column":2}}},"fnMap":{"0":{"name":"wxLogin","decl":{"start":{"line":5,"column":15},"end":{"line":5,"column":22}},"loc":{"start":{"line":5,"column":33},"end":{"line":40,"column":1}},"line":5},"1":{"name":"updateUserInfo","decl":{"start":{"line":43,"column":15},"end":{"line":43,"column":29}},"loc":{"start":{"line":43,"column":40},"end":{"line":64,"column":1}},"line":43},"2":{"name":"getUserProfile","decl":{"start":{"line":67,"column":15},"end":{"line":67,"column":29}},"loc":{"start":{"line":67,"column":40},"end":{"line":84,"column":1}},"line":67},"3":{"name":"(anonymous_3)","decl":{"start":{"line":87,"column":14},"end":{"line":87,"column":15}},"loc":{"start":{"line":87,"column":34},"end":{"line":119,"column":1}},"line":87},"4":{"name":"register","decl":{"start":{"line":122,"column":15},"end":{"line":122,"column":23}},"loc":{"start":{"line":122,"column":34},"end":{"line":160,"column":1}},"line":122}},"branchMap":{"0":{"loc":{"start":{"line":12,"column":4},"end":{"line":20,"column":5}},"type":"if","locations":[{"start":{"line":12,"column":4},"end":{"line":20,"column":5}},{"start":{},"end":{}}],"line":12},"1":{"loc":{"start":{"line":72,"column":4},"end":{"line":74,"column":5}},"type":"if","locations":[{"start":{"line":72,"column":4},"end":{"line":74,"column":5}},{"start":{},"end":{}}],"line":72},"2":{"loc":{"start":{"line":93,"column":4},"end":{"line":95,"column":5}},"type":"if","locations":[{"start":{"line":93,"column":4},"end":{"line":95,"column":5}},{"start":{},"end":{}}],"line":93},"3":{"loc":{"start":{"line":128,"column":4},"end":{"line":130,"column":5}},"type":"if","locations":[{"start":{"line":128,"column":4},"end":{"line":130,"column":5}},{"start":{},"end":{}}],"line":128},"4":{"loc":{"start":{"line":136,"column":16},"end":{"line":136,"column":36}},"type":"binary-expr","locations":[{"start":{"line":136,"column":16},"end":{"line":136,"column":24}},{"start":{"line":136,"column":28},"end":{"line":136,"column":36}}],"line":136}},"s":{"0":1,"1":1,"2":0,"3":0,"4":0,"5":0,"6":0,"7":0,"8":0,"9":0,"10":0,"11":0,"12":0,"13":0,"14":0,"15":0,"16":0,"17":0,"18":0,"19":0,"20":0,"21":0,"22":0,"23":0,"24":0,"25":0,"26":0,"27":0,"28":1,"29":1,"30":1,"31":1,"32":1,"33":0,"34":1,"35":1,"36":0,"37":0,"38":1,"39":1,"40":1,"41":1,"42":0,"43":1,"44":1,"45":1,"46":1,"47":0,"48":0,"49":1},"f":{"0":0,"1":0,"2":0,"3":1,"4":1},"b":{"0":[0,0],"1":[0,0],"2":[0,1],"3":[0,1],"4":[1,1]},"_coverageSchema":"1a1c01bbd47fc00a2c39e90264f33305004495a9","hash":"ef40abf065bb7cdd58fef65d6eabe478421caa22"}
,"/Users/jep/Desktop/毕设-微信小程序/v1/src/models/userModel.js": {"path":"/Users/jep/Desktop/毕设-微信小程序/v1/src/models/userModel.js","statementMap":{"0":{"start":{"line":1,"column":17},"end":{"line":1,"column":46}},"1":{"start":{"line":6,"column":4},"end":{"line":15,"column":5}},"2":{"start":{"line":7,"column":21},"end":{"line":10,"column":7}},"3":{"start":{"line":11,"column":6},"end":{"line":11,"column":21}},"4":{"start":{"line":13,"column":6},"end":{"line":13,"column":38}},"5":{"start":{"line":14,"column":6},"end":{"line":14,"column":18}},"6":{"start":{"line":20,"column":4},"end":{"line":29,"column":5}},"7":{"start":{"line":21,"column":21},"end":{"line":24,"column":7}},"8":{"start":{"line":25,"column":6},"end":{"line":25,"column":21}},"9":{"start":{"line":27,"column":6},"end":{"line":27,"column":38}},"10":{"start":{"line":28,"column":6},"end":{"line":28,"column":18}},"11":{"start":{"line":34,"column":4},"end":{"line":43,"column":5}},"12":{"start":{"line":35,"column":21},"end":{"line":38,"column":7}},"13":{"start":{"line":39,"column":6},"end":{"line":39,"column":21}},"14":{"start":{"line":41,"column":6},"end":{"line":41,"column":38}},"15":{"start":{"line":42,"column":6},"end":{"line":42,"column":18}},"16":{"start":{"line":48,"column":4},"end":{"line":73,"column":5}},"17":{"start":{"line":49,"column":74},"end":{"line":49,"column":82}},"18":{"start":{"line":52,"column":6},"end":{"line":58,"column":7}},"19":{"start":{"line":53,"column":25},"end":{"line":56,"column":9}},"20":{"start":{"line":57,"column":8},"end":{"line":57,"column":31}},"21":{"start":{"line":61,"column":6},"end":{"line":67,"column":7}},"22":{"start":{"line":62,"column":25},"end":{"line":65,"column":9}},"23":{"start":{"line":66,"column":8},"end":{"line":66,"column":31}},"24":{"start":{"line":69,"column":6},"end":{"line":69,"column":49}},"25":{"start":{"line":71,"column":6},"end":{"line":71,"column":38}},"26":{"start":{"line":72,"column":6},"end":{"line":72,"column":18}},"27":{"start":{"line":78,"column":4},"end":{"line":88,"column":5}},"28":{"start":{"line":79,"column":46},"end":{"line":79,"column":54}},"29":{"start":{"line":80,"column":23},"end":{"line":83,"column":7}},"30":{"start":{"line":84,"column":6},"end":{"line":84,"column":37}},"31":{"start":{"line":86,"column":6},"end":{"line":86,"column":38}},"32":{"start":{"line":87,"column":6},"end":{"line":87,"column":18}},"33":{"start":{"line":95,"column":4},"end":{"line":95,"column":16}},"34":{"start":{"line":99,"column":0},"end":{"line":99,"column":27}}},"fnMap":{"0":{"name":"(anonymous_0)","decl":{"start":{"line":5,"column":2},"end":{"line":5,"column":3}},"loc":{"start":{"line":5,"column":28},"end":{"line":16,"column":3}},"line":5},"1":{"name":"(anonymous_1)","decl":{"start":{"line":19,"column":2},"end":{"line":19,"column":3}},"loc":{"start":{"line":19,"column":36},"end":{"line":30,"column":3}},"line":19},"2":{"name":"(anonymous_2)","decl":{"start":{"line":33,"column":2},"end":{"line":33,"column":3}},"loc":{"start":{"line":33,"column":40},"end":{"line":44,"column":3}},"line":33},"3":{"name":"(anonymous_3)","decl":{"start":{"line":47,"column":2},"end":{"line":47,"column":3}},"loc":{"start":{"line":47,"column":32},"end":{"line":74,"column":3}},"line":47},"4":{"name":"(anonymous_4)","decl":{"start":{"line":77,"column":2},"end":{"line":77,"column":3}},"loc":{"start":{"line":77,"column":36},"end":{"line":89,"column":3}},"line":77},"5":{"name":"(anonymous_5)","decl":{"start":{"line":92,"column":2},"end":{"line":92,"column":3}},"loc":{"start":{"line":92,"column":48},"end":{"line":96,"column":3}},"line":92}},"branchMap":{"0":{"loc":{"start":{"line":52,"column":6},"end":{"line":58,"column":7}},"type":"if","locations":[{"start":{"line":52,"column":6},"end":{"line":58,"column":7}},{"start":{},"end":{}}],"line":52},"1":{"loc":{"start":{"line":52,"column":10},"end":{"line":52,"column":29}},"type":"binary-expr","locations":[{"start":{"line":52,"column":10},"end":{"line":52,"column":16}},{"start":{"line":52,"column":20},"end":{"line":52,"column":29}}],"line":52},"2":{"loc":{"start":{"line":61,"column":6},"end":{"line":67,"column":7}},"type":"if","locations":[{"start":{"line":61,"column":6},"end":{"line":67,"column":7}},{"start":{},"end":{}}],"line":61},"3":{"loc":{"start":{"line":64,"column":21},"end":{"line":64,"column":41}},"type":"binary-expr","locations":[{"start":{"line":64,"column":21},"end":{"line":64,"column":29}},{"start":{"line":64,"column":33},"end":{"line":64,"column":41}}],"line":64}},"s":{"0":2,"1":1,"2":1,"3":1,"4":0,"5":0,"6":0,"7":0,"8":0,"9":0,"10":0,"11":2,"12":2,"13":2,"14":0,"15":0,"16":1,"17":1,"18":1,"19":0,"20":0,"21":1,"22":1,"23":1,"24":0,"25":0,"26":0,"27":0,"28":0,"29":0,"30":0,"31":0,"32":0,"33":0,"34":2},"f":{"0":1,"1":0,"2":2,"3":1,"4":0,"5":0},"b":{"0":[0,1],"1":[1,0],"2":[1,0],"3":[1,0]},"_coverageSchema":"1a1c01bbd47fc00a2c39e90264f33305004495a9","hash":"9e6d0d0bd55e809ad22e458c817d46077c5b37a2"}
,"/Users/jep/Desktop/毕设-微信小程序/v1/src/routes/userRoutes.js": {"path":"/Users/jep/Desktop/毕设-微信小程序/v1/src/routes/userRoutes.js","statementMap":{"0":{"start":{"line":1,"column":16},"end":{"line":1,"column":34}},"1":{"start":{"line":2,"column":15},"end":{"line":2,"column":31}},"2":{"start":{"line":3,"column":44},"end":{"line":3,"column":84}},"3":{"start":{"line":6,"column":0},"end":{"line":6,"column":35}},"4":{"start":{"line":9,"column":0},"end":{"line":9,"column":29}},"5":{"start":{"line":12,"column":0},"end":{"line":12,"column":39}},"6":{"start":{"line":14,"column":0},"end":{"line":14,"column":24}}},"fnMap":{},"branchMap":{},"s":{"0":1,"1":1,"2":1,"3":1,"4":1,"5":1,"6":1},"f":{},"b":{},"_coverageSchema":"1a1c01bbd47fc00a2c39e90264f33305004495a9","hash":"3121fd0158a9995ec72b2c3a73cf70a62b40518d"}
,"/Users/jep/Desktop/毕设-微信小程序/v1/src/utils/utils.js": {"path":"/Users/jep/Desktop/毕设-微信小程序/v1/src/utils/utils.js","statementMap":{"0":{"start":{"line":1,"column":15},"end":{"line":1,"column":34}},"1":{"start":{"line":2,"column":12},"end":{"line":2,"column":35}},"2":{"start":{"line":4,"column":19},"end":{"line":4,"column":62}},"3":{"start":{"line":8,"column":15},"end":{"line":8,"column":39}},"4":{"start":{"line":9,"column":2},"end":{"line":9,"column":37}},"5":{"start":{"line":14,"column":2},"end":{"line":14,"column":50}},"6":{"start":{"line":19,"column":2},"end":{"line":21,"column":5}},"7":{"start":{"line":26,"column":2},"end":{"line":30,"column":3}},"8":{"start":{"line":27,"column":4},"end":{"line":27,"column":41}},"9":{"start":{"line":29,"column":4},"end":{"line":29,"column":16}},"10":{"start":{"line":35,"column":16},"end":{"line":35,"column":56}},"11":{"start":{"line":37,"column":2},"end":{"line":39,"column":3}},"12":{"start":{"line":38,"column":4},"end":{"line":38,"column":56}},"13":{"start":{"line":41,"column":18},"end":{"line":41,"column":36}},"14":{"start":{"line":42,"column":2},"end":{"line":44,"column":3}},"15":{"start":{"line":43,"column":4},"end":{"line":43,"column":56}},"16":{"start":{"line":46,"column":2},"end":{"line":46,"column":26}},"17":{"start":{"line":47,"column":2},"end":{"line":47,"column":9}},"18":{"start":{"line":50,"column":0},"end":{"line":56,"column":2}}},"fnMap":{"0":{"name":"hashPassword","decl":{"start":{"line":7,"column":15},"end":{"line":7,"column":27}},"loc":{"start":{"line":7,"column":38},"end":{"line":10,"column":1}},"line":7},"1":{"name":"verifyPassword","decl":{"start":{"line":13,"column":15},"end":{"line":13,"column":29}},"loc":{"start":{"line":13,"column":56},"end":{"line":15,"column":1}},"line":13},"2":{"name":"generateToken","decl":{"start":{"line":18,"column":9},"end":{"line":18,"column":22}},"loc":{"start":{"line":18,"column":31},"end":{"line":22,"column":1}},"line":18},"3":{"name":"verifyToken","decl":{"start":{"line":25,"column":9},"end":{"line":25,"column":20}},"loc":{"start":{"line":25,"column":28},"end":{"line":31,"column":1}},"line":25},"4":{"name":"authMiddleware","decl":{"start":{"line":34,"column":9},"end":{"line":34,"column":23}},"loc":{"start":{"line":34,"column":40},"end":{"line":48,"column":1}},"line":34}},"branchMap":{"0":{"loc":{"start":{"line":4,"column":19},"end":{"line":4,"column":62}},"type":"binary-expr","locations":[{"start":{"line":4,"column":19},"end":{"line":4,"column":41}},{"start":{"line":4,"column":45},"end":{"line":4,"column":62}}],"line":4},"1":{"loc":{"start":{"line":37,"column":2},"end":{"line":39,"column":3}},"type":"if","locations":[{"start":{"line":37,"column":2},"end":{"line":39,"column":3}},{"start":{},"end":{}}],"line":37},"2":{"loc":{"start":{"line":42,"column":2},"end":{"line":44,"column":3}},"type":"if","locations":[{"start":{"line":42,"column":2},"end":{"line":44,"column":3}},{"start":{},"end":{}}],"line":42}},"s":{"0":2,"1":2,"2":2,"3":0,"4":0,"5":0,"6":2,"7":1,"8":1,"9":0,"10":1,"11":1,"12":0,"13":1,"14":1,"15":0,"16":1,"17":1,"18":2},"f":{"0":0,"1":0,"2":2,"3":1,"4":1},"b":{"0":[2,0],"1":[0,1],"2":[0,1]},"_coverageSchema":"1a1c01bbd47fc00a2c39e90264f33305004495a9","hash":"d98215e04fb1b2241849ab0d867d2b532569e31c"}
}
