TN:
SF:src/app.js
FN:18,(anonymous_0)
FN:27,(anonymous_1)
FN:36,(anonymous_2)
FN:42,(anonymous_3)
FNF:4
FNH:1
FNDA:0,(anonymous_0)
FNDA:5,(anonymous_1)
FNDA:0,(anonymous_2)
FNDA:0,(anonymous_3)
DA:1,1
DA:2,1
DA:3,1
DA:4,1
DA:6,1
DA:7,1
DA:10,1
DA:11,1
DA:12,1
DA:15,1
DA:18,1
DA:19,0
DA:23,1
DA:26,1
DA:27,1
DA:28,5
DA:29,0
DA:30,0
DA:35,1
DA:36,0
DA:37,0
DA:42,1
DA:43,0
DA:44,0
DA:48,1
LF:25
LH:18
BRDA:7,0,0,1
BRDA:7,0,1,1
BRDA:28,1,0,0
BRDA:28,1,1,5
BRDA:35,2,0,0
BRDA:35,2,1,1
BRF:6
BRH:4
end_of_record
TN:
SF:src/config/database.js
FN:16,(anonymous_0)
FN:16,(anonymous_1)
FN:24,connectDB
FNF:3
FNH:1
FNDA:0,(anonymous_0)
FNDA:0,(anonymous_1)
FNDA:1,connectDB
DA:1,2
DA:4,2
DA:16,0
DA:21,2
DA:25,1
DA:26,1
DA:27,1
DA:28,1
DA:30,0
DA:31,0
DA:36,2
LF:11
LH:8
BRDA:5,0,0,2
BRDA:5,0,1,0
BRDA:6,1,0,2
BRDA:6,1,1,0
BRDA:7,2,0,2
BRDA:7,2,1,0
BRDA:8,3,0,2
BRDA:8,3,1,0
BRF:8
BRH:4
end_of_record
TN:
SF:src/controllers/userController.js
FN:5,wxLogin
FN:43,updateUserInfo
FN:67,getUserProfile
FN:87,(anonymous_3)
FN:122,register
FNF:5
FNH:2
FNDA:0,wxLogin
FNDA:0,updateUserInfo
FNDA:0,getUserProfile
FNDA:1,(anonymous_3)
FNDA:1,register
DA:1,1
DA:2,1
DA:6,0
DA:7,0
DA:10,0
DA:12,0
DA:14,0
DA:19,0
DA:23,0
DA:25,0
DA:37,0
DA:38,0
DA:44,0
DA:45,0
DA:46,0
DA:48,0
DA:54,0
DA:56,0
DA:61,0
DA:62,0
DA:68,0
DA:69,0
DA:70,0
DA:72,0
DA:73,0
DA:76,0
DA:81,0
DA:82,0
DA:87,1
DA:88,1
DA:89,1
DA:92,1
DA:93,1
DA:94,0
DA:102,1
DA:104,1
DA:116,0
DA:117,0
DA:123,1
DA:124,1
DA:127,1
DA:128,1
DA:129,0
DA:133,1
DA:140,1
DA:143,1
DA:145,1
DA:157,0
DA:158,0
DA:163,1
LF:50
LH:18
BRDA:12,0,0,0
BRDA:12,0,1,0
BRDA:72,1,0,0
BRDA:72,1,1,0
BRDA:93,2,0,0
BRDA:93,2,1,1
BRDA:128,3,0,0
BRDA:128,3,1,1
BRDA:136,4,0,1
BRDA:136,4,1,1
BRF:10
BRH:4
end_of_record
TN:
SF:src/models/userModel.js
FN:5,(anonymous_0)
FN:19,(anonymous_1)
FN:33,(anonymous_2)
FN:47,(anonymous_3)
FN:77,(anonymous_4)
FN:92,(anonymous_5)
FNF:6
FNH:3
FNDA:1,(anonymous_0)
FNDA:0,(anonymous_1)
FNDA:2,(anonymous_2)
FNDA:1,(anonymous_3)
FNDA:0,(anonymous_4)
FNDA:0,(anonymous_5)
DA:1,2
DA:6,1
DA:7,1
DA:11,1
DA:13,0
DA:14,0
DA:20,0
DA:21,0
DA:25,0
DA:27,0
DA:28,0
DA:34,2
DA:35,2
DA:39,2
DA:41,0
DA:42,0
DA:48,1
DA:49,1
DA:52,1
DA:53,0
DA:57,0
DA:61,1
DA:62,1
DA:66,1
DA:69,0
DA:71,0
DA:72,0
DA:78,0
DA:79,0
DA:80,0
DA:84,0
DA:86,0
DA:87,0
DA:95,0
DA:99,2
LF:35
LH:14
BRDA:52,0,0,0
BRDA:52,0,1,1
BRDA:52,1,0,1
BRDA:52,1,1,0
BRDA:61,2,0,1
BRDA:61,2,1,0
BRDA:64,3,0,1
BRDA:64,3,1,0
BRF:8
BRH:4
end_of_record
TN:
SF:src/routes/userRoutes.js
FNF:0
FNH:0
DA:1,1
DA:2,1
DA:3,1
DA:6,1
DA:9,1
DA:12,1
DA:14,1
LF:7
LH:7
BRF:0
BRH:0
end_of_record
TN:
SF:src/utils/utils.js
FN:7,hashPassword
FN:13,verifyPassword
FN:18,generateToken
FN:25,verifyToken
FN:34,authMiddleware
FNF:5
FNH:3
FNDA:0,hashPassword
FNDA:0,verifyPassword
FNDA:2,generateToken
FNDA:1,verifyToken
FNDA:1,authMiddleware
DA:1,2
DA:2,2
DA:4,2
DA:8,0
DA:9,0
DA:14,0
DA:19,2
DA:26,1
DA:27,1
DA:29,0
DA:35,1
DA:37,1
DA:38,0
DA:41,1
DA:42,1
DA:43,0
DA:46,1
DA:47,1
DA:50,2
LF:19
LH:13
BRDA:4,0,0,2
BRDA:4,0,1,0
BRDA:37,1,0,0
BRDA:37,1,1,1
BRDA:42,2,0,0
BRDA:42,2,1,1
BRF:6
BRH:3
end_of_record
